c:\projects\sdhlt-burn\sdhlcsg\release\sdhlcsg.bsc
c:\projects\sdhlt-burn\sdhlcsg\release\vc143.pdb
c:\projects\sdhlt-burn\sdhlcsg\release\blockmem.sbr
c:\projects\sdhlt-burn\sdhlcsg\release\bspfile.sbr
c:\projects\sdhlt-burn\sdhlcsg\release\cmdlib.sbr
c:\projects\sdhlt-burn\sdhlcsg\release\cmdlinecfg.sbr
c:\projects\sdhlt-burn\sdhlcsg\release\filelib.sbr
c:\projects\sdhlt-burn\sdhlcsg\release\log.sbr
c:\projects\sdhlt-burn\sdhlcsg\release\mathlib.sbr
c:\projects\sdhlt-burn\sdhlcsg\release\messages.sbr
c:\projects\sdhlt-burn\sdhlcsg\release\scriplib.sbr
c:\projects\sdhlt-burn\sdhlcsg\release\threads.sbr
c:\projects\sdhlt-burn\sdhlcsg\release\winding.sbr
c:\projects\sdhlt-burn\sdhlcsg\release\ansitoutf8.sbr
c:\projects\sdhlt-burn\sdhlcsg\release\brush.sbr
c:\projects\sdhlt-burn\sdhlcsg\release\brushunion.sbr
c:\projects\sdhlt-burn\sdhlcsg\release\hullfile.sbr
c:\projects\sdhlt-burn\sdhlcsg\release\map.sbr
c:\projects\sdhlt-burn\sdhlcsg\release\properties.sbr
c:\projects\sdhlt-burn\sdhlcsg\release\qcsg.sbr
c:\projects\sdhlt-burn\sdhlcsg\release\textures.sbr
c:\projects\sdhlt-burn\sdhlcsg\release\wadcfg.sbr
c:\projects\sdhlt-burn\sdhlcsg\release\wadcfg.obj
c:\projects\sdhlt-burn\sdhlcsg\release\textures.obj
c:\projects\sdhlt-burn\sdhlcsg\release\qcsg.obj
c:\projects\sdhlt-burn\sdhlcsg\release\properties.obj
c:\projects\sdhlt-burn\sdhlcsg\release\map.obj
c:\projects\sdhlt-burn\sdhlcsg\release\hullfile.obj
c:\projects\sdhlt-burn\sdhlcsg\release\brushunion.obj
c:\projects\sdhlt-burn\sdhlcsg\release\brush.obj
c:\projects\sdhlt-burn\sdhlcsg\release\ansitoutf8.obj
c:\projects\sdhlt-burn\sdhlcsg\release\winding.obj
c:\projects\sdhlt-burn\sdhlcsg\release\threads.obj
c:\projects\sdhlt-burn\sdhlcsg\release\scriplib.obj
c:\projects\sdhlt-burn\sdhlcsg\release\messages.obj
c:\projects\sdhlt-burn\sdhlcsg\release\mathlib.obj
c:\projects\sdhlt-burn\sdhlcsg\release\log.obj
c:\projects\sdhlt-burn\sdhlcsg\release\filelib.obj
c:\projects\sdhlt-burn\sdhlcsg\release\cmdlinecfg.obj
c:\projects\sdhlt-burn\sdhlcsg\release\cmdlib.obj
c:\projects\sdhlt-burn\sdhlcsg\release\bspfile.obj
c:\projects\sdhlt-burn\sdhlcsg\release\blockmem.obj
c:\projects\sdhlt-burn\sdhlcsg\release\wadpath.sbr
c:\projects\sdhlt-burn\sdhlcsg\release\wadpath.obj
c:\tools\sdhlcsg.exe
c:\projects\sdhlt-burn\sdhlcsg\release\sdhlcsg.pdb
c:\projects\sdhlt-burn\sdhlcsg\release\sdhlcsg.tlog\bscmake.command.1.tlog
c:\projects\sdhlt-burn\sdhlcsg\release\sdhlcsg.tlog\bscmake.read.1.tlog
c:\projects\sdhlt-burn\sdhlcsg\release\sdhlcsg.tlog\bscmake.write.1.tlog
c:\projects\sdhlt-burn\sdhlcsg\release\sdhlcsg.tlog\cl.command.1.tlog
c:\projects\sdhlt-burn\sdhlcsg\release\sdhlcsg.tlog\cl.items.tlog
c:\projects\sdhlt-burn\sdhlcsg\release\sdhlcsg.tlog\cl.read.1.tlog
c:\projects\sdhlt-burn\sdhlcsg\release\sdhlcsg.tlog\cl.write.1.tlog
c:\projects\sdhlt-burn\sdhlcsg\release\sdhlcsg.tlog\link.command.1.tlog
c:\projects\sdhlt-burn\sdhlcsg\release\sdhlcsg.tlog\link.read.1.tlog
c:\projects\sdhlt-burn\sdhlcsg\release\sdhlcsg.tlog\link.secondary.1.tlog
c:\projects\sdhlt-burn\sdhlcsg\release\sdhlcsg.tlog\link.write.1.tlog
