  blockmem.cpp
  bspfile.cpp
  cmdlib.cpp
  cmdlinecfg.cpp
  filelib.cpp
  log.cpp
  mathlib.cpp
  messages.cpp
  scriplib.cpp
  threads.cpp
  winding.cpp
  ansitoutf8.cpp
  brush.cpp
C:\Users\1\Downloads\SDHLT-master\SDHLT-master\src\sdhlt\sdHLCSG\brush.cpp(267,21): warning C4018: <: несоответствие типов со знаком и без знака
C:\Users\1\Downloads\SDHLT-master\SDHLT-master\src\sdhlt\sdHLCSG\brush.cpp(281,23): warning C4018: <: несоответствие типов со знаком и без знака
C:\Users\1\Downloads\SDHLT-master\SDHLT-master\src\sdhlt\sdHLCSG\brush.cpp(1326,17): warning C4018: <: несоответствие типов со знаком и без знака
C:\Users\1\Downloads\SDHLT-master\SDHLT-master\src\sdhlt\sdHLCSG\brush.cpp(1349,21): warning C4018: <: несоответствие типов со знаком и без знака
C:\Users\1\Downloads\SDHLT-master\SDHLT-master\src\sdhlt\sdHLCSG\brush.cpp(1384,17): warning C4018: <: несоответствие типов со знаком и без знака
C:\Users\1\Downloads\SDHLT-master\SDHLT-master\src\sdhlt\sdHLCSG\brush.cpp(1439,18): warning C4018: <: несоответствие типов со знаком и без знака
  brushunion.cpp
  hullfile.cpp
  map.cpp
C:\Users\1\Downloads\SDHLT-master\SDHLT-master\src\sdhlt\sdHLCSG\map.cpp(1031,16): warning C4018: <: несоответствие типов со знаком и без знака
  modelphysics.cpp
  properties.cpp
  qcsg.cpp
C:\Users\1\Downloads\SDHLT-master\SDHLT-master\src\sdhlt\sdHLCSG\qcsg.cpp(350,21): warning C4018: <: несоответствие типов со знаком и без знака
C:\Users\1\Downloads\SDHLT-master\SDHLT-master\src\sdhlt\sdHLCSG\qcsg.cpp(489,19): warning C4018: <: несоответствие типов со знаком и без знака
C:\Users\1\Downloads\SDHLT-master\SDHLT-master\src\sdhlt\sdHLCSG\qcsg.cpp(523,27): warning C4018: <: несоответствие типов со знаком и без знака
C:\Users\1\Downloads\SDHLT-master\SDHLT-master\src\sdhlt\sdHLCSG\qcsg.cpp(818,21): warning C4018: <: несоответствие типов со знаком и без знака
C:\Users\1\Downloads\SDHLT-master\SDHLT-master\src\sdhlt\sdHLCSG\qcsg.cpp(1377,27): warning C4101: type: неиспользованная локальная переменная
  textures.cpp
  Компиляция...
  wadcfg.cpp
  wadpath.cpp
C:\Program Files\Microsoft Visual Studio\2022\Community\MSBuild\Microsoft\VC\v170\Microsoft.CppBuild.targets(1402,5): warning MSB8012: TargetPath(C:\Users\1\Downloads\SDHLT-master\SDHLT-master\src\sdhlt\sdHLCSG\Release\sdHLCSG.exe) не соответствует значению свойства выходного файла (C:\Users\1\Downloads\SDHLT-master\SDHLT-master\tools\sdHLCSG.exe) для Linker. Это может привести к неправильной сборке проекта. Чтобы исправить это, убедитесь, что значения свойств $(OutDir), $(TargetName) и $(TargetExt) соответствуют значению, указанному в %(Link.OutputFile).
  blockmem.obj : найден .netmodule MSIL или модуль, откомпилированный с параметром /GL; перезапускается компоновка с параметром /LTCG; добавьте /LTCG в командную строку компоновки для повышения производительности компоновщика
  Создание кода
  Создание кода завершено
  sdHLCSG.vcxproj -> C:\Users\1\Downloads\SDHLT-master\SDHLT-master\src\sdhlt\sdHLCSG\Release\sdHLCSG.exe
