c:\users\1\downloads\sdhlt-master\sdhlt-master\src\sdhlt\sdripent\release\sdripent.bsc
c:\users\1\downloads\sdhlt-master\sdhlt-master\src\sdhlt\sdripent\release\vc143.pdb
c:\users\1\downloads\sdhlt-master\sdhlt-master\src\sdhlt\sdripent\release\blockmem.sbr
c:\users\1\downloads\sdhlt-master\sdhlt-master\src\sdhlt\sdripent\release\bspfile.sbr
c:\users\1\downloads\sdhlt-master\sdhlt-master\src\sdhlt\sdripent\release\cmdlib.sbr
c:\users\1\downloads\sdhlt-master\sdhlt-master\src\sdhlt\sdripent\release\cmdlinecfg.sbr
c:\users\1\downloads\sdhlt-master\sdhlt-master\src\sdhlt\sdripent\release\filelib.sbr
c:\users\1\downloads\sdhlt-master\sdhlt-master\src\sdhlt\sdripent\release\log.sbr
c:\users\1\downloads\sdhlt-master\sdhlt-master\src\sdhlt\sdripent\release\mathlib.sbr
c:\users\1\downloads\sdhlt-master\sdhlt-master\src\sdhlt\sdripent\release\messages.sbr
c:\users\1\downloads\sdhlt-master\sdhlt-master\src\sdhlt\sdripent\release\scriplib.sbr
c:\users\1\downloads\sdhlt-master\sdhlt-master\src\sdhlt\sdripent\release\threads.sbr
c:\users\1\downloads\sdhlt-master\sdhlt-master\src\sdhlt\sdripent\release\winding.sbr
c:\users\1\downloads\sdhlt-master\sdhlt-master\src\sdhlt\sdripent\release\ripent.sbr
c:\users\1\downloads\sdhlt-master\sdhlt-master\src\sdhlt\sdripent\release\ripent.obj
c:\users\1\downloads\sdhlt-master\sdhlt-master\src\sdhlt\sdripent\release\winding.obj
c:\users\1\downloads\sdhlt-master\sdhlt-master\src\sdhlt\sdripent\release\threads.obj
c:\users\1\downloads\sdhlt-master\sdhlt-master\src\sdhlt\sdripent\release\scriplib.obj
c:\users\1\downloads\sdhlt-master\sdhlt-master\src\sdhlt\sdripent\release\messages.obj
c:\users\1\downloads\sdhlt-master\sdhlt-master\src\sdhlt\sdripent\release\mathlib.obj
c:\users\1\downloads\sdhlt-master\sdhlt-master\src\sdhlt\sdripent\release\log.obj
c:\users\1\downloads\sdhlt-master\sdhlt-master\src\sdhlt\sdripent\release\filelib.obj
c:\users\1\downloads\sdhlt-master\sdhlt-master\src\sdhlt\sdripent\release\cmdlinecfg.obj
c:\users\1\downloads\sdhlt-master\sdhlt-master\src\sdhlt\sdripent\release\cmdlib.obj
c:\users\1\downloads\sdhlt-master\sdhlt-master\src\sdhlt\sdripent\release\bspfile.obj
c:\users\1\downloads\sdhlt-master\sdhlt-master\src\sdhlt\sdripent\release\blockmem.obj
c:\users\1\downloads\sdhlt-master\sdhlt-master\tools\sdripent.exe
c:\users\1\downloads\sdhlt-master\sdhlt-master\src\sdhlt\sdripent\release\sdripent.pdb
c:\projects\sdhlt-burn\sdripent\release\blockmem.obj
c:\projects\sdhlt-burn\sdripent\release\bspfile.obj
c:\projects\sdhlt-burn\sdripent\release\cmdlib.obj
c:\projects\sdhlt-burn\sdripent\release\cmdlinecfg.obj
c:\projects\sdhlt-burn\sdripent\release\filelib.obj
c:\projects\sdhlt-burn\sdripent\release\log.obj
c:\projects\sdhlt-burn\sdripent\release\mathlib.obj
c:\projects\sdhlt-burn\sdripent\release\messages.obj
c:\projects\sdhlt-burn\sdripent\release\ripent.obj
c:\projects\sdhlt-burn\sdripent\release\scriplib.obj
c:\projects\sdhlt-burn\sdripent\release\threads.obj
c:\projects\sdhlt-burn\sdripent\release\winding.obj
c:\projects\sdhlt-burn\sdripent\release\sdripent.pdb
c:\projects\sdhlt-burn\sdripent\release\vc143.pdb
c:\projects\sdhlt-burn\sdripent\release\sdripent.bsc
c:\projects\sdhlt-burn\sdripent\release\blockmem.sbr
c:\projects\sdhlt-burn\sdripent\release\bspfile.sbr
c:\projects\sdhlt-burn\sdripent\release\cmdlib.sbr
c:\projects\sdhlt-burn\sdripent\release\cmdlinecfg.sbr
c:\projects\sdhlt-burn\sdripent\release\filelib.sbr
c:\projects\sdhlt-burn\sdripent\release\log.sbr
c:\projects\sdhlt-burn\sdripent\release\mathlib.sbr
c:\projects\sdhlt-burn\sdripent\release\messages.sbr
c:\projects\sdhlt-burn\sdripent\release\ripent.sbr
c:\projects\sdhlt-burn\sdripent\release\scriplib.sbr
c:\projects\sdhlt-burn\sdripent\release\threads.sbr
c:\projects\sdhlt-burn\sdripent\release\winding.sbr
c:\projects\sdhlt-burn\sdripent\release\sdripent.tlog\bscmake.command.1.tlog
c:\projects\sdhlt-burn\sdripent\release\sdripent.tlog\bscmake.read.1.tlog
c:\projects\sdhlt-burn\sdripent\release\sdripent.tlog\bscmake.write.1.tlog
c:\projects\sdhlt-burn\sdripent\release\sdripent.tlog\cl.command.1.tlog
c:\projects\sdhlt-burn\sdripent\release\sdripent.tlog\cl.items.tlog
c:\projects\sdhlt-burn\sdripent\release\sdripent.tlog\cl.read.1.tlog
c:\projects\sdhlt-burn\sdripent\release\sdripent.tlog\cl.write.1.tlog
c:\projects\sdhlt-burn\sdripent\release\sdripent.tlog\link.command.1.tlog
c:\projects\sdhlt-burn\sdripent\release\sdripent.tlog\link.read.1.tlog
c:\projects\sdhlt-burn\sdripent\release\sdripent.tlog\link.secondary.1.tlog
c:\projects\sdhlt-burn\sdripent\release\sdripent.tlog\link.write.1.tlog
