c:\projects\sdhlt-burn\sdhlbsp\release\sdhlbsp.bsc
c:\projects\sdhlt-burn\sdhlbsp\release\vc143.pdb
c:\projects\sdhlt-burn\sdhlbsp\release\blockmem.sbr
c:\projects\sdhlt-burn\sdhlbsp\release\bspfile.sbr
c:\projects\sdhlt-burn\sdhlbsp\release\cmdlib.sbr
c:\projects\sdhlt-burn\sdhlbsp\release\cmdlinecfg.sbr
c:\projects\sdhlt-burn\sdhlbsp\release\filelib.sbr
c:\projects\sdhlt-burn\sdhlbsp\release\log.sbr
c:\projects\sdhlt-burn\sdhlbsp\release\mathlib.sbr
c:\projects\sdhlt-burn\sdhlbsp\release\messages.sbr
c:\projects\sdhlt-burn\sdhlbsp\release\scriplib.sbr
c:\projects\sdhlt-burn\sdhlbsp\release\threads.sbr
c:\projects\sdhlt-burn\sdhlbsp\release\winding.sbr
c:\projects\sdhlt-burn\sdhlbsp\release\brink.sbr
c:\projects\sdhlt-burn\sdhlbsp\release\merge.sbr
c:\projects\sdhlt-burn\sdhlbsp\release\outside.sbr
c:\projects\sdhlt-burn\sdhlbsp\release\portals.sbr
c:\projects\sdhlt-burn\sdhlbsp\release\qbsp.sbr
c:\projects\sdhlt-burn\sdhlbsp\release\solidbsp.sbr
c:\projects\sdhlt-burn\sdhlbsp\release\surfaces.sbr
c:\projects\sdhlt-burn\sdhlbsp\release\tjunc.sbr
c:\projects\sdhlt-burn\sdhlbsp\release\writebsp.sbr
c:\projects\sdhlt-burn\sdhlbsp\release\writebsp.obj
c:\projects\sdhlt-burn\sdhlbsp\release\tjunc.obj
c:\projects\sdhlt-burn\sdhlbsp\release\surfaces.obj
c:\projects\sdhlt-burn\sdhlbsp\release\solidbsp.obj
c:\projects\sdhlt-burn\sdhlbsp\release\qbsp.obj
c:\projects\sdhlt-burn\sdhlbsp\release\portals.obj
c:\projects\sdhlt-burn\sdhlbsp\release\outside.obj
c:\projects\sdhlt-burn\sdhlbsp\release\merge.obj
c:\projects\sdhlt-burn\sdhlbsp\release\brink.obj
c:\projects\sdhlt-burn\sdhlbsp\release\winding.obj
c:\projects\sdhlt-burn\sdhlbsp\release\threads.obj
c:\projects\sdhlt-burn\sdhlbsp\release\scriplib.obj
c:\projects\sdhlt-burn\sdhlbsp\release\messages.obj
c:\projects\sdhlt-burn\sdhlbsp\release\mathlib.obj
c:\projects\sdhlt-burn\sdhlbsp\release\log.obj
c:\projects\sdhlt-burn\sdhlbsp\release\filelib.obj
c:\projects\sdhlt-burn\sdhlbsp\release\cmdlinecfg.obj
c:\projects\sdhlt-burn\sdhlbsp\release\cmdlib.obj
c:\projects\sdhlt-burn\sdhlbsp\release\bspfile.obj
c:\projects\sdhlt-burn\sdhlbsp\release\blockmem.obj
c:\tools\sdhlbsp.exe
c:\projects\sdhlt-burn\sdhlbsp\release\sdhlbsp.pdb
c:\projects\sdhlt-burn\sdhlbsp\release\sdhlbsp.tlog\bscmake.command.1.tlog
c:\projects\sdhlt-burn\sdhlbsp\release\sdhlbsp.tlog\bscmake.read.1.tlog
c:\projects\sdhlt-burn\sdhlbsp\release\sdhlbsp.tlog\bscmake.write.1.tlog
c:\projects\sdhlt-burn\sdhlbsp\release\sdhlbsp.tlog\cl.command.1.tlog
c:\projects\sdhlt-burn\sdhlbsp\release\sdhlbsp.tlog\cl.items.tlog
c:\projects\sdhlt-burn\sdhlbsp\release\sdhlbsp.tlog\cl.read.1.tlog
c:\projects\sdhlt-burn\sdhlbsp\release\sdhlbsp.tlog\cl.write.1.tlog
c:\projects\sdhlt-burn\sdhlbsp\release\sdhlbsp.tlog\link.command.1.tlog
c:\projects\sdhlt-burn\sdhlbsp\release\sdhlbsp.tlog\link.read.1.tlog
c:\projects\sdhlt-burn\sdhlbsp\release\sdhlbsp.tlog\link.secondary.1.tlog
c:\projects\sdhlt-burn\sdhlbsp\release\sdhlbsp.tlog\link.write.1.tlog
