c:\users\1\downloads\sdhlt-master\sdhlt-master\src\sdhlt\sdhlvis\release\sdhlvis.bsc
c:\users\1\downloads\sdhlt-master\sdhlt-master\src\sdhlt\sdhlvis\release\vc143.pdb
c:\users\1\downloads\sdhlt-master\sdhlt-master\src\sdhlt\sdhlvis\release\blockmem.sbr
c:\users\1\downloads\sdhlt-master\sdhlt-master\src\sdhlt\sdhlvis\release\bspfile.sbr
c:\users\1\downloads\sdhlt-master\sdhlt-master\src\sdhlt\sdhlvis\release\cmdlib.sbr
c:\users\1\downloads\sdhlt-master\sdhlt-master\src\sdhlt\sdhlvis\release\cmdlinecfg.sbr
c:\users\1\downloads\sdhlt-master\sdhlt-master\src\sdhlt\sdhlvis\release\filelib.sbr
c:\users\1\downloads\sdhlt-master\sdhlt-master\src\sdhlt\sdhlvis\release\log.sbr
c:\users\1\downloads\sdhlt-master\sdhlt-master\src\sdhlt\sdhlvis\release\mathlib.sbr
c:\users\1\downloads\sdhlt-master\sdhlt-master\src\sdhlt\sdhlvis\release\messages.sbr
c:\users\1\downloads\sdhlt-master\sdhlt-master\src\sdhlt\sdhlvis\release\scriplib.sbr
c:\users\1\downloads\sdhlt-master\sdhlt-master\src\sdhlt\sdhlvis\release\threads.sbr
c:\users\1\downloads\sdhlt-master\sdhlt-master\src\sdhlt\sdhlvis\release\winding.sbr
c:\users\1\downloads\sdhlt-master\sdhlt-master\src\sdhlt\sdhlvis\release\flow.sbr
c:\users\1\downloads\sdhlt-master\sdhlt-master\src\sdhlt\sdhlvis\release\vis.sbr
c:\users\1\downloads\sdhlt-master\sdhlt-master\src\sdhlt\sdhlvis\release\zones.sbr
c:\users\1\downloads\sdhlt-master\sdhlt-master\src\sdhlt\sdhlvis\release\zones.obj
c:\users\1\downloads\sdhlt-master\sdhlt-master\src\sdhlt\sdhlvis\release\vis.obj
c:\users\1\downloads\sdhlt-master\sdhlt-master\src\sdhlt\sdhlvis\release\flow.obj
c:\users\1\downloads\sdhlt-master\sdhlt-master\src\sdhlt\sdhlvis\release\winding.obj
c:\users\1\downloads\sdhlt-master\sdhlt-master\src\sdhlt\sdhlvis\release\threads.obj
c:\users\1\downloads\sdhlt-master\sdhlt-master\src\sdhlt\sdhlvis\release\scriplib.obj
c:\users\1\downloads\sdhlt-master\sdhlt-master\src\sdhlt\sdhlvis\release\messages.obj
c:\users\1\downloads\sdhlt-master\sdhlt-master\src\sdhlt\sdhlvis\release\mathlib.obj
c:\users\1\downloads\sdhlt-master\sdhlt-master\src\sdhlt\sdhlvis\release\log.obj
c:\users\1\downloads\sdhlt-master\sdhlt-master\src\sdhlt\sdhlvis\release\filelib.obj
c:\users\1\downloads\sdhlt-master\sdhlt-master\src\sdhlt\sdhlvis\release\cmdlinecfg.obj
c:\users\1\downloads\sdhlt-master\sdhlt-master\src\sdhlt\sdhlvis\release\cmdlib.obj
c:\users\1\downloads\sdhlt-master\sdhlt-master\src\sdhlt\sdhlvis\release\bspfile.obj
c:\users\1\downloads\sdhlt-master\sdhlt-master\src\sdhlt\sdhlvis\release\blockmem.obj
c:\users\1\downloads\sdhlt-master\sdhlt-master\tools\sdhlvis.exe
c:\users\1\downloads\sdhlt-master\sdhlt-master\src\sdhlt\sdhlvis\release\sdhlvis.pdb
c:\projects\sdhlt-burn\sdhlvis\release\blockmem.obj
c:\projects\sdhlt-burn\sdhlvis\release\bspfile.obj
c:\projects\sdhlt-burn\sdhlvis\release\cmdlib.obj
c:\projects\sdhlt-burn\sdhlvis\release\cmdlinecfg.obj
c:\projects\sdhlt-burn\sdhlvis\release\filelib.obj
c:\projects\sdhlt-burn\sdhlvis\release\flow.obj
c:\projects\sdhlt-burn\sdhlvis\release\log.obj
c:\projects\sdhlt-burn\sdhlvis\release\mathlib.obj
c:\projects\sdhlt-burn\sdhlvis\release\messages.obj
c:\projects\sdhlt-burn\sdhlvis\release\scriplib.obj
c:\projects\sdhlt-burn\sdhlvis\release\threads.obj
c:\projects\sdhlt-burn\sdhlvis\release\vis.obj
c:\projects\sdhlt-burn\sdhlvis\release\winding.obj
c:\projects\sdhlt-burn\sdhlvis\release\zones.obj
c:\projects\sdhlt-burn\sdhlvis\release\sdhlvis.pdb
c:\projects\sdhlt-burn\sdhlvis\release\vc143.pdb
c:\projects\sdhlt-burn\sdhlvis\release\sdhlvis.bsc
c:\projects\sdhlt-burn\sdhlvis\release\blockmem.sbr
c:\projects\sdhlt-burn\sdhlvis\release\bspfile.sbr
c:\projects\sdhlt-burn\sdhlvis\release\cmdlib.sbr
c:\projects\sdhlt-burn\sdhlvis\release\cmdlinecfg.sbr
c:\projects\sdhlt-burn\sdhlvis\release\filelib.sbr
c:\projects\sdhlt-burn\sdhlvis\release\flow.sbr
c:\projects\sdhlt-burn\sdhlvis\release\log.sbr
c:\projects\sdhlt-burn\sdhlvis\release\mathlib.sbr
c:\projects\sdhlt-burn\sdhlvis\release\messages.sbr
c:\projects\sdhlt-burn\sdhlvis\release\scriplib.sbr
c:\projects\sdhlt-burn\sdhlvis\release\threads.sbr
c:\projects\sdhlt-burn\sdhlvis\release\vis.sbr
c:\projects\sdhlt-burn\sdhlvis\release\winding.sbr
c:\projects\sdhlt-burn\sdhlvis\release\zones.sbr
c:\projects\sdhlt-burn\sdhlvis\release\sdhlvis.tlog\bscmake.command.1.tlog
c:\projects\sdhlt-burn\sdhlvis\release\sdhlvis.tlog\bscmake.read.1.tlog
c:\projects\sdhlt-burn\sdhlvis\release\sdhlvis.tlog\bscmake.write.1.tlog
c:\projects\sdhlt-burn\sdhlvis\release\sdhlvis.tlog\cl.command.1.tlog
c:\projects\sdhlt-burn\sdhlvis\release\sdhlvis.tlog\cl.items.tlog
c:\projects\sdhlt-burn\sdhlvis\release\sdhlvis.tlog\cl.read.1.tlog
c:\projects\sdhlt-burn\sdhlvis\release\sdhlvis.tlog\cl.write.1.tlog
c:\projects\sdhlt-burn\sdhlvis\release\sdhlvis.tlog\link.command.1.tlog
c:\projects\sdhlt-burn\sdhlvis\release\sdhlvis.tlog\link.read.1.tlog
c:\projects\sdhlt-burn\sdhlvis\release\sdhlvis.tlog\link.secondary.1.tlog
c:\projects\sdhlt-burn\sdhlvis\release\sdhlvis.tlog\link.write.1.tlog
