c:\users\1\downloads\sdhlt-master\sdhlt-master\src\sdhlt\sdhlrad\release\sdhlrad.bsc
c:\users\1\downloads\sdhlt-master\sdhlt-master\src\sdhlt\sdhlrad\release\vc143.pdb
c:\users\1\downloads\sdhlt-master\sdhlt-master\src\sdhlt\sdhlrad\release\blockmem.sbr
c:\users\1\downloads\sdhlt-master\sdhlt-master\src\sdhlt\sdhlrad\release\bspfile.sbr
c:\users\1\downloads\sdhlt-master\sdhlt-master\src\sdhlt\sdhlrad\release\cmdlib.sbr
c:\users\1\downloads\sdhlt-master\sdhlt-master\src\sdhlt\sdhlrad\release\cmdlinecfg.sbr
c:\users\1\downloads\sdhlt-master\sdhlt-master\src\sdhlt\sdhlrad\release\filelib.sbr
c:\users\1\downloads\sdhlt-master\sdhlt-master\src\sdhlt\sdhlrad\release\log.sbr
c:\users\1\downloads\sdhlt-master\sdhlt-master\src\sdhlt\sdhlrad\release\mathlib.sbr
c:\users\1\downloads\sdhlt-master\sdhlt-master\src\sdhlt\sdhlrad\release\messages.sbr
c:\users\1\downloads\sdhlt-master\sdhlt-master\src\sdhlt\sdhlrad\release\scriplib.sbr
c:\users\1\downloads\sdhlt-master\sdhlt-master\src\sdhlt\sdhlrad\release\threads.sbr
c:\users\1\downloads\sdhlt-master\sdhlt-master\src\sdhlt\sdhlrad\release\winding.sbr
c:\users\1\downloads\sdhlt-master\sdhlt-master\src\sdhlt\sdhlrad\release\compress.sbr
c:\users\1\downloads\sdhlt-master\sdhlt-master\src\sdhlt\sdhlrad\release\lerp.sbr
c:\users\1\downloads\sdhlt-master\sdhlt-master\src\sdhlt\sdhlrad\release\lightmap.sbr
c:\users\1\downloads\sdhlt-master\sdhlt-master\src\sdhlt\sdhlrad\release\loadtextures.sbr
c:\users\1\downloads\sdhlt-master\sdhlt-master\src\sdhlt\sdhlrad\release\mathutil.sbr
c:\users\1\downloads\sdhlt-master\sdhlt-master\src\sdhlt\sdhlrad\release\meshdesc.sbr
c:\users\1\downloads\sdhlt-master\sdhlt-master\src\sdhlt\sdhlrad\release\meshtrace.sbr
c:\users\1\downloads\sdhlt-master\sdhlt-master\src\sdhlt\sdhlrad\release\nomatrix.sbr
c:\users\1\downloads\sdhlt-master\sdhlt-master\src\sdhlt\sdhlrad\release\progmesh.sbr
c:\users\1\downloads\sdhlt-master\sdhlt-master\src\sdhlt\sdhlrad\release\progmesh.obj
c:\users\1\downloads\sdhlt-master\sdhlt-master\src\sdhlt\sdhlrad\release\nomatrix.obj
c:\users\1\downloads\sdhlt-master\sdhlt-master\src\sdhlt\sdhlrad\release\meshtrace.obj
c:\users\1\downloads\sdhlt-master\sdhlt-master\src\sdhlt\sdhlrad\release\meshdesc.obj
c:\users\1\downloads\sdhlt-master\sdhlt-master\src\sdhlt\sdhlrad\release\mathutil.obj
c:\users\1\downloads\sdhlt-master\sdhlt-master\src\sdhlt\sdhlrad\release\loadtextures.obj
c:\users\1\downloads\sdhlt-master\sdhlt-master\src\sdhlt\sdhlrad\release\lightmap.obj
c:\users\1\downloads\sdhlt-master\sdhlt-master\src\sdhlt\sdhlrad\release\lerp.obj
c:\users\1\downloads\sdhlt-master\sdhlt-master\src\sdhlt\sdhlrad\release\compress.obj
c:\users\1\downloads\sdhlt-master\sdhlt-master\src\sdhlt\sdhlrad\release\winding.obj
c:\users\1\downloads\sdhlt-master\sdhlt-master\src\sdhlt\sdhlrad\release\threads.obj
c:\users\1\downloads\sdhlt-master\sdhlt-master\src\sdhlt\sdhlrad\release\scriplib.obj
c:\users\1\downloads\sdhlt-master\sdhlt-master\src\sdhlt\sdhlrad\release\messages.obj
c:\users\1\downloads\sdhlt-master\sdhlt-master\src\sdhlt\sdhlrad\release\mathlib.obj
c:\users\1\downloads\sdhlt-master\sdhlt-master\src\sdhlt\sdhlrad\release\log.obj
c:\users\1\downloads\sdhlt-master\sdhlt-master\src\sdhlt\sdhlrad\release\filelib.obj
c:\users\1\downloads\sdhlt-master\sdhlt-master\src\sdhlt\sdhlrad\release\cmdlinecfg.obj
c:\users\1\downloads\sdhlt-master\sdhlt-master\src\sdhlt\sdhlrad\release\cmdlib.obj
c:\users\1\downloads\sdhlt-master\sdhlt-master\src\sdhlt\sdhlrad\release\bspfile.obj
c:\users\1\downloads\sdhlt-master\sdhlt-master\src\sdhlt\sdhlrad\release\blockmem.obj
c:\users\1\downloads\sdhlt-master\sdhlt-master\src\sdhlt\sdhlrad\release\qrad.sbr
c:\users\1\downloads\sdhlt-master\sdhlt-master\src\sdhlt\sdhlrad\release\qradutil.sbr
c:\users\1\downloads\sdhlt-master\sdhlt-master\src\sdhlt\sdhlrad\release\sparse.sbr
c:\users\1\downloads\sdhlt-master\sdhlt-master\src\sdhlt\sdhlrad\release\stringlib.sbr
c:\users\1\downloads\sdhlt-master\sdhlt-master\src\sdhlt\sdhlrad\release\studio.sbr
c:\users\1\downloads\sdhlt-master\sdhlt-master\src\sdhlt\sdhlrad\release\trace.sbr
c:\users\1\downloads\sdhlt-master\sdhlt-master\src\sdhlt\sdhlrad\release\transfers.sbr
c:\users\1\downloads\sdhlt-master\sdhlt-master\src\sdhlt\sdhlrad\release\transparency.sbr
c:\users\1\downloads\sdhlt-master\sdhlt-master\src\sdhlt\sdhlrad\release\vismatrix.sbr
c:\users\1\downloads\sdhlt-master\sdhlt-master\src\sdhlt\sdhlrad\release\vismatrixutil.sbr
c:\users\1\downloads\sdhlt-master\sdhlt-master\src\sdhlt\sdhlrad\release\vismatrixutil.obj
c:\users\1\downloads\sdhlt-master\sdhlt-master\src\sdhlt\sdhlrad\release\vismatrix.obj
c:\users\1\downloads\sdhlt-master\sdhlt-master\src\sdhlt\sdhlrad\release\transparency.obj
c:\users\1\downloads\sdhlt-master\sdhlt-master\src\sdhlt\sdhlrad\release\transfers.obj
c:\users\1\downloads\sdhlt-master\sdhlt-master\src\sdhlt\sdhlrad\release\trace.obj
c:\users\1\downloads\sdhlt-master\sdhlt-master\src\sdhlt\sdhlrad\release\studio.obj
c:\users\1\downloads\sdhlt-master\sdhlt-master\src\sdhlt\sdhlrad\release\stringlib.obj
c:\users\1\downloads\sdhlt-master\sdhlt-master\src\sdhlt\sdhlrad\release\sparse.obj
c:\users\1\downloads\sdhlt-master\sdhlt-master\src\sdhlt\sdhlrad\release\qradutil.obj
c:\users\1\downloads\sdhlt-master\sdhlt-master\src\sdhlt\sdhlrad\release\qrad.obj
c:\users\1\downloads\sdhlt-master\sdhlt-master\tools\sdhlrad.exe
c:\users\1\downloads\sdhlt-master\sdhlt-master\src\sdhlt\sdhlrad\release\sdhlrad.pdb
c:\projects\sdhlt-burn\sdhlrad\release\blockmem.obj
c:\projects\sdhlt-burn\sdhlrad\release\bspfile.obj
c:\projects\sdhlt-burn\sdhlrad\release\cmdlib.obj
c:\projects\sdhlt-burn\sdhlrad\release\cmdlinecfg.obj
c:\projects\sdhlt-burn\sdhlrad\release\compress.obj
c:\projects\sdhlt-burn\sdhlrad\release\filelib.obj
c:\projects\sdhlt-burn\sdhlrad\release\lerp.obj
c:\projects\sdhlt-burn\sdhlrad\release\lightmap.obj
c:\projects\sdhlt-burn\sdhlrad\release\loadtextures.obj
c:\projects\sdhlt-burn\sdhlrad\release\log.obj
c:\projects\sdhlt-burn\sdhlrad\release\mathlib.obj
c:\projects\sdhlt-burn\sdhlrad\release\mathutil.obj
c:\projects\sdhlt-burn\sdhlrad\release\meshdesc.obj
c:\projects\sdhlt-burn\sdhlrad\release\meshtrace.obj
c:\projects\sdhlt-burn\sdhlrad\release\messages.obj
c:\projects\sdhlt-burn\sdhlrad\release\nomatrix.obj
c:\projects\sdhlt-burn\sdhlrad\release\progmesh.obj
c:\projects\sdhlt-burn\sdhlrad\release\qrad.obj
c:\projects\sdhlt-burn\sdhlrad\release\qradutil.obj
c:\projects\sdhlt-burn\sdhlrad\release\scriplib.obj
c:\projects\sdhlt-burn\sdhlrad\release\sparse.obj
c:\projects\sdhlt-burn\sdhlrad\release\stringlib.obj
c:\projects\sdhlt-burn\sdhlrad\release\studio.obj
c:\projects\sdhlt-burn\sdhlrad\release\threads.obj
c:\projects\sdhlt-burn\sdhlrad\release\trace.obj
c:\projects\sdhlt-burn\sdhlrad\release\transfers.obj
c:\projects\sdhlt-burn\sdhlrad\release\transparency.obj
c:\projects\sdhlt-burn\sdhlrad\release\vismatrix.obj
c:\projects\sdhlt-burn\sdhlrad\release\vismatrixutil.obj
c:\projects\sdhlt-burn\sdhlrad\release\winding.obj
c:\projects\sdhlt-burn\sdhlrad\release\sdhlrad.pdb
c:\projects\sdhlt-burn\sdhlrad\release\vc143.pdb
c:\projects\sdhlt-burn\sdhlrad\release\sdhlrad.bsc
c:\projects\sdhlt-burn\sdhlrad\release\blockmem.sbr
c:\projects\sdhlt-burn\sdhlrad\release\bspfile.sbr
c:\projects\sdhlt-burn\sdhlrad\release\cmdlib.sbr
c:\projects\sdhlt-burn\sdhlrad\release\cmdlinecfg.sbr
c:\projects\sdhlt-burn\sdhlrad\release\compress.sbr
c:\projects\sdhlt-burn\sdhlrad\release\filelib.sbr
c:\projects\sdhlt-burn\sdhlrad\release\lerp.sbr
c:\projects\sdhlt-burn\sdhlrad\release\lightmap.sbr
c:\projects\sdhlt-burn\sdhlrad\release\loadtextures.sbr
c:\projects\sdhlt-burn\sdhlrad\release\log.sbr
c:\projects\sdhlt-burn\sdhlrad\release\mathlib.sbr
c:\projects\sdhlt-burn\sdhlrad\release\mathutil.sbr
c:\projects\sdhlt-burn\sdhlrad\release\meshdesc.sbr
c:\projects\sdhlt-burn\sdhlrad\release\meshtrace.sbr
c:\projects\sdhlt-burn\sdhlrad\release\messages.sbr
c:\projects\sdhlt-burn\sdhlrad\release\nomatrix.sbr
c:\projects\sdhlt-burn\sdhlrad\release\progmesh.sbr
c:\projects\sdhlt-burn\sdhlrad\release\qrad.sbr
c:\projects\sdhlt-burn\sdhlrad\release\qradutil.sbr
c:\projects\sdhlt-burn\sdhlrad\release\scriplib.sbr
c:\projects\sdhlt-burn\sdhlrad\release\sparse.sbr
c:\projects\sdhlt-burn\sdhlrad\release\stringlib.sbr
c:\projects\sdhlt-burn\sdhlrad\release\studio.sbr
c:\projects\sdhlt-burn\sdhlrad\release\threads.sbr
c:\projects\sdhlt-burn\sdhlrad\release\trace.sbr
c:\projects\sdhlt-burn\sdhlrad\release\transfers.sbr
c:\projects\sdhlt-burn\sdhlrad\release\transparency.sbr
c:\projects\sdhlt-burn\sdhlrad\release\vismatrix.sbr
c:\projects\sdhlt-burn\sdhlrad\release\vismatrixutil.sbr
c:\projects\sdhlt-burn\sdhlrad\release\winding.sbr
c:\projects\sdhlt-burn\sdhlrad\release\sdhlrad.tlog\bscmake.command.1.tlog
c:\projects\sdhlt-burn\sdhlrad\release\sdhlrad.tlog\bscmake.read.1.tlog
c:\projects\sdhlt-burn\sdhlrad\release\sdhlrad.tlog\bscmake.write.1.tlog
c:\projects\sdhlt-burn\sdhlrad\release\sdhlrad.tlog\cl.command.1.tlog
c:\projects\sdhlt-burn\sdhlrad\release\sdhlrad.tlog\cl.items.tlog
c:\projects\sdhlt-burn\sdhlrad\release\sdhlrad.tlog\cl.read.1.tlog
c:\projects\sdhlt-burn\sdhlrad\release\sdhlrad.tlog\cl.write.1.tlog
c:\projects\sdhlt-burn\sdhlrad\release\sdhlrad.tlog\link.command.1.tlog
c:\projects\sdhlt-burn\sdhlrad\release\sdhlrad.tlog\link.read.1.tlog
c:\projects\sdhlt-burn\sdhlrad\release\sdhlrad.tlog\link.secondary.1.tlog
c:\projects\sdhlt-burn\sdhlrad\release\sdhlrad.tlog\link.write.1.tlog
